app/android/app/manifest-merger-release-report.txt
-- Merging decision tree log ---
manifest
ADDED from AndroidManifest.xml:2:1
	xmlns:android
		ADDED from AndroidManifest.xml:2:11
	package
		ADDED from AndroidManifest.xml:3:5
		INJECTED from AndroidManifest.xml:0:0
		INJECTED from AndroidManifest.xml:0:0
	android:versionName
		INJECTED from AndroidManifest.xml:0:0
		INJECTED from AndroidManifest.xml:0:0
	android:versionCode
		INJECTED from AndroidManifest.xml:0:0
		INJECTED from AndroidManifest.xml:0:0
application
ADDED from AndroidManifest.xml:5:5
MERGED from org.altbeacon:android-beacon-library:2.1.3:15:5
	android:screenOrientation
		ADDED from AndroidManifest.xml:6:9
	android:label
		ADDED from AndroidManifest.xml:9:9
	android:allowBackup
		ADDED from AndroidManifest.xml:7:9
	android:icon
		ADDED from AndroidManifest.xml:8:9
	android:theme
		ADDED from AndroidManifest.xml:10:9
activity#com.cykon.bluproximity.BluProximity
ADDED from AndroidManifest.xml:11:9
	android:screenOrientation
		ADDED from AndroidManifest.xml:14:13
	android:label
		ADDED from AndroidManifest.xml:13:13
	android:name
		ADDED from AndroidManifest.xml:12:13
intent-filter#android.intent.action.MAIN+android.intent.category.LAUNCHER
ADDED from AndroidManifest.xml:15:13
action#android.intent.action.MAIN
ADDED from AndroidManifest.xml:16:17
	android:name
		ADDED from AndroidManifest.xml:16:25
category#android.intent.category.LAUNCHER
ADDED from AndroidManifest.xml:18:17
	android:name
		ADDED from AndroidManifest.xml:18:27
uses-sdk
ADDED from AndroidManifest.xml:22:5
MERGED from org.altbeacon:android-beacon-library:2.1.3:7:5
	android:targetSdkVersion
		ADDED from AndroidManifest.xml:24:9
		INJECTED from AndroidManifest.xml:0:0
		INJECTED from AndroidManifest.xml:0:0
	android:minSdkVersion
		ADDED from AndroidManifest.xml:23:9
		INJECTED from AndroidManifest.xml:0:0
		INJECTED from AndroidManifest.xml:0:0
uses-permission#android.permission.BLUETOOTH
ADDED from AndroidManifest.xml:25:5
MERGED from org.altbeacon:android-beacon-library:2.1.3:11:5
	android:name
		ADDED from AndroidManifest.xml:25:22
uses-permission#android.permission.BLUETOOTH_ADMIN
ADDED from AndroidManifest.xml:26:5
MERGED from org.altbeacon:android-beacon-library:2.1.3:12:5
	android:name
		ADDED from AndroidManifest.xml:26:22
uses-permission#android.permission.INTERNET
ADDED from AndroidManifest.xml:27:5
	android:name
		ADDED from AndroidManifest.xml:27:22
uses-permission#android.permission.RECEIVE_BOOT_COMPLETED
ADDED from org.altbeacon:android-beacon-library:2.1.3:13:5
	android:name
		ADDED from org.altbeacon:android-beacon-library:2.1.3:13:22
receiver#org.altbeacon.beacon.startup.StartupBroadcastReceiver
ADDED from org.altbeacon:android-beacon-library:2.1.3:16:9
	android:name
		ADDED from org.altbeacon:android-beacon-library:2.1.3:16:19
intent-filter#android.intent.action.ACTION_POWER_CONNECTED+android.intent.action.ACTION_POWER_DISCONNECTED+android.intent.action.BOOT_COMPLETED
ADDED from org.altbeacon:android-beacon-library:2.1.3:17:13
action#android.intent.action.BOOT_COMPLETED
ADDED from org.altbeacon:android-beacon-library:2.1.3:18:17
	android:name
		ADDED from org.altbeacon:android-beacon-library:2.1.3:18:25
action#android.intent.action.ACTION_POWER_CONNECTED
ADDED from org.altbeacon:android-beacon-library:2.1.3:19:17
	android:name
		ADDED from org.altbeacon:android-beacon-library:2.1.3:19:25
action#android.intent.action.ACTION_POWER_DISCONNECTED
ADDED from org.altbeacon:android-beacon-library:2.1.3:20:17
	android:name
		ADDED from org.altbeacon:android-beacon-library:2.1.3:20:25
service#org.altbeacon.beacon.service.BeaconService
ADDED from org.altbeacon:android-beacon-library:2.1.3:24:9
	android:label
		ADDED from org.altbeacon:android-beacon-library:2.1.3:29:13
	android:isolatedProcess
		ADDED from org.altbeacon:android-beacon-library:2.1.3:28:13
	android:exported
		ADDED from org.altbeacon:android-beacon-library:2.1.3:27:13
	android:enabled
		ADDED from org.altbeacon:android-beacon-library:2.1.3:26:13
	android:name
		ADDED from org.altbeacon:android-beacon-library:2.1.3:25:13
service#org.altbeacon.beacon.BeaconIntentProcessor
ADDED from org.altbeacon:android-beacon-library:2.1.3:30:9
	android:exported
		ADDED from org.altbeacon:android-beacon-library:2.1.3:33:13
	android:enabled
		ADDED from org.altbeacon:android-beacon-library:2.1.3:32:13
	android:name
		ADDED from org.altbeacon:android-beacon-library:2.1.3:31:13